<?xml version="1.0" encoding="UTF-8"?>
<testsuite name="easy.NthFibTest" tests="6" skipped="0" failures="0" errors="0" timestamp="2020-11-17T16:12:20" hostname="Sunils-MacBook-Pro.local" time="0.004">
  <properties/>
  <testcase name="shouldReturnOne" classname="easy.NthFibTest" time="0.001"/>
  <testcase name="shouldReturnOne_DP" classname="easy.NthFibTest" time="0.001"/>
  <testcase name="shouldReturnTwelve" classname="easy.NthFibTest" time="0.0"/>
  <testcase name="shouldReturnThirteen" classname="easy.NthFibTest" time="0.0"/>
  <testcase name="shouldReturnThirteen_DP" classname="easy.NthFibTest" time="0.0"/>
  <testcase name="shouldReturnTwelve_DP" classname="easy.NthFibTest" time="0.0"/>
  <system-out><![CDATA[]]></system-out>
  <system-err><![CDATA[]]></system-err>
</testsuite>
