<?xml version="1.0" encoding="UTF-8"?>
<testsuite name="easy.BinarySearchTest" tests="5" skipped="0" failures="0" errors="0" timestamp="2020-11-17T16:25:44" hostname="Sunils-MacBook-Pro.local" time="0.022">
  <properties/>
  <testcase name="shouldReturnEightIndex" classname="easy.BinarySearchTest" time="0.021"/>
  <testcase name="shouldReturnSixIndex" classname="easy.BinarySearchTest" time="0.0"/>
  <testcase name="shouldReturnFiveIndex" classname="easy.BinarySearchTest" time="0.0"/>
  <testcase name="shouldReturnThreeIndex" classname="easy.BinarySearchTest" time="0.0"/>
  <testcase name="shouldReturnFourIndex" classname="easy.BinarySearchTest" time="0.0"/>
  <system-out><![CDATA[]]></system-out>
  <system-err><![CDATA[]]></system-err>
</testsuite>
