<?xml version="1.0" encoding="UTF-8"?>
<testsuite name="easy.BubbleSortTest" tests="4" skipped="0" failures="0" errors="0" timestamp="2020-11-18T03:20:47" hostname="Sunils-MacBook-Pro.local" time="0.008">
  <properties/>
  <testcase name="shouldReturnSortedO" classname="easy.BubbleSortTest" time="0.007"/>
  <testcase name="shouldReturnSorted_" classname="easy.BubbleSortTest" time="0.0"/>
  <testcase name="shouldReturnSorted" classname="easy.BubbleSortTest" time="0.0"/>
  <testcase name="shouldReturnSortedO_" classname="easy.BubbleSortTest" time="0.0"/>
  <system-out><![CDATA[]]></system-out>
  <system-err><![CDATA[]]></system-err>
</testsuite>
