<?xml version="1.0" encoding="UTF-8"?>
<testsuite name="easy.InsertionTest" tests="3" skipped="0" failures="0" errors="0" timestamp="2020-11-19T14:35:18" hostname="Sunils-MacBook-Pro.local" time="0.016">
  <properties/>
  <testcase name="insertionSort_" classname="easy.InsertionTest" time="0.015"/>
  <testcase name="insertionSort" classname="easy.InsertionTest" time="0.0"/>
  <testcase name="insertionSort__" classname="easy.InsertionTest" time="0.0"/>
  <system-out><![CDATA[]]></system-out>
  <system-err><![CDATA[]]></system-err>
</testsuite>
