<?xml version="1.0" encoding="UTF-8"?>
<testsuite name="easy.ClosestInBSTKtTest" tests="4" skipped="0" failures="0" errors="0" timestamp="2020-11-16T10:53:54" hostname="Sunils-MacBook-Pro.local" time="0.004">
  <properties/>
  <testcase name="shouldReturnDFS" classname="easy.ClosestInBSTKtTest" time="0.003"/>
  <testcase name="shouldReturnThirteen" classname="easy.ClosestInBSTKtTest" time="0.0"/>
  <testcase name="shouldReturnBFS_" classname="easy.ClosestInBSTKtTest" time="0.0"/>
  <testcase name="shouldReturnDFS_" classname="easy.ClosestInBSTKtTest" time="0.0"/>
  <system-out><![CDATA[]]></system-out>
  <system-err><![CDATA[]]></system-err>
</testsuite>
