<?xml version="1.0" encoding="UTF-8"?>
<testsuite name="easy.ClosestInBSTKtTest" tests="6" skipped="0" failures="0" errors="0" timestamp="2020-11-16T11:12:30" hostname="Sunils-MacBook-Pro.local" time="0.003">
  <properties/>
  <testcase name="shouldReturnDFS" classname="easy.ClosestInBSTKtTest" time="0.002"/>
  <testcase name="shouldReturn_OPT2" classname="easy.ClosestInBSTKtTest" time="0.0"/>
  <testcase name="shouldReturnThirteen" classname="easy.ClosestInBSTKtTest" time="0.001"/>
  <testcase name="shouldReturnBFS_" classname="easy.ClosestInBSTKtTest" time="0.0"/>
  <testcase name="shouldReturnDFS_" classname="easy.ClosestInBSTKtTest" time="0.0"/>
  <testcase name="shouldReturn_OPT" classname="easy.ClosestInBSTKtTest" time="0.0"/>
  <system-out><![CDATA[]]></system-out>
  <system-err><![CDATA[]]></system-err>
</testsuite>
