<?xml version="1.0" encoding="UTF-8"?>
<testsuite name="easy.CeasarCipherTest" tests="4" skipped="0" failures="0" errors="0" timestamp="2020-11-18T17:31:44" hostname="Sunils-MacBook-Pro.local" time="0.002">
  <properties/>
  <testcase name="shouldReturnCipher" classname="easy.CeasarCipherTest" time="0.002"/>
  <testcase name="shouldReturnCipher___" classname="easy.CeasarCipherTest" time="0.0"/>
  <testcase name="shouldReturnCipher__" classname="easy.CeasarCipherTest" time="0.0"/>
  <testcase name="shouldReturnCipher_" classname="easy.CeasarCipherTest" time="0.0"/>
  <system-out><![CDATA[]]></system-out>
  <system-err><![CDATA[]]></system-err>
</testsuite>
